{"D:\\intercom\\customer.js": {"path":"D:\\intercom\\customer.js","statementMap":{"0":{"start":{"line":1,"column":11},"end":{"line":1,"column":24}},"1":{"start":{"line":5,"column":4},"end":{"line":7,"column":5}},"2":{"start":{"line":6,"column":8},"end":{"line":6,"column":20}},"3":{"start":{"line":9,"column":21},"end":{"line":9,"column":44}},"4":{"start":{"line":10,"column":4},"end":{"line":13,"column":5}},"5":{"start":{"line":11,"column":8},"end":{"line":11,"column":109}},"6":{"start":{"line":12,"column":8},"end":{"line":12,"column":20}},"7":{"start":{"line":15,"column":22},"end":{"line":15,"column":46}},"8":{"start":{"line":16,"column":4},"end":{"line":19,"column":5}},"9":{"start":{"line":17,"column":8},"end":{"line":17,"column":111}},"10":{"start":{"line":18,"column":8},"end":{"line":18,"column":20}},"11":{"start":{"line":21,"column":4},"end":{"line":24,"column":5}},"12":{"start":{"line":22,"column":8},"end":{"line":22,"column":107}},"13":{"start":{"line":23,"column":8},"end":{"line":23,"column":20}},"14":{"start":{"line":26,"column":4},"end":{"line":29,"column":5}},"15":{"start":{"line":27,"column":8},"end":{"line":27,"column":101}},"16":{"start":{"line":28,"column":8},"end":{"line":28,"column":20}},"17":{"start":{"line":31,"column":4},"end":{"line":31,"column":18}},"18":{"start":{"line":35,"column":26},"end":{"line":35,"column":71}},"19":{"start":{"line":35,"column":45},"end":{"line":35,"column":70}},"20":{"start":{"line":36,"column":4},"end":{"line":36,"column":38}},"21":{"start":{"line":40,"column":4},"end":{"line":40,"column":46}},"22":{"start":{"line":43,"column":0},"end":{"line":43,"column":49}}},"fnMap":{"0":{"name":"parse","decl":{"start":{"line":3,"column":9},"end":{"line":3,"column":14}},"loc":{"start":{"line":3,"column":23},"end":{"line":32,"column":1}},"line":3},"1":{"name":"format","decl":{"start":{"line":34,"column":9},"end":{"line":34,"column":15}},"loc":{"start":{"line":34,"column":27},"end":{"line":37,"column":1}},"line":34},"2":{"name":"(anonymous_2)","decl":{"start":{"line":35,"column":40},"end":{"line":35,"column":41}},"loc":{"start":{"line":35,"column":45},"end":{"line":35,"column":70}},"line":35},"3":{"name":"sortByUserId","decl":{"start":{"line":39,"column":9},"end":{"line":39,"column":21}},"loc":{"start":{"line":39,"column":30},"end":{"line":41,"column":1}},"line":39}},"branchMap":{"0":{"loc":{"start":{"line":5,"column":4},"end":{"line":7,"column":5}},"type":"if","locations":[{"start":{"line":5,"column":4},"end":{"line":7,"column":5}},{"start":{"line":5,"column":4},"end":{"line":7,"column":5}}],"line":5},"1":{"loc":{"start":{"line":10,"column":4},"end":{"line":13,"column":5}},"type":"if","locations":[{"start":{"line":10,"column":4},"end":{"line":13,"column":5}},{"start":{"line":10,"column":4},"end":{"line":13,"column":5}}],"line":10},"2":{"loc":{"start":{"line":10,"column":8},"end":{"line":10,"column":69}},"type":"binary-expr","locations":[{"start":{"line":10,"column":8},"end":{"line":10,"column":34}},{"start":{"line":10,"column":38},"end":{"line":10,"column":52}},{"start":{"line":10,"column":56},"end":{"line":10,"column":69}}],"line":10},"3":{"loc":{"start":{"line":16,"column":4},"end":{"line":19,"column":5}},"type":"if","locations":[{"start":{"line":16,"column":4},"end":{"line":19,"column":5}},{"start":{"line":16,"column":4},"end":{"line":19,"column":5}}],"line":16},"4":{"loc":{"start":{"line":16,"column":8},"end":{"line":16,"column":74}},"type":"binary-expr","locations":[{"start":{"line":16,"column":8},"end":{"line":16,"column":35}},{"start":{"line":16,"column":39},"end":{"line":16,"column":55}},{"start":{"line":16,"column":59},"end":{"line":16,"column":74}}],"line":16},"5":{"loc":{"start":{"line":21,"column":4},"end":{"line":24,"column":5}},"type":"if","locations":[{"start":{"line":21,"column":4},"end":{"line":24,"column":5}},{"start":{"line":21,"column":4},"end":{"line":24,"column":5}}],"line":21},"6":{"loc":{"start":{"line":26,"column":4},"end":{"line":29,"column":5}},"type":"if","locations":[{"start":{"line":26,"column":4},"end":{"line":29,"column":5}},{"start":{"line":26,"column":4},"end":{"line":29,"column":5}}],"line":26}},"s":{"0":1,"1":14,"2":1,"3":13,"4":13,"5":3,"6":3,"7":10,"8":10,"9":3,"10":3,"11":7,"12":1,"13":1,"14":6,"15":2,"16":2,"17":4,"18":2,"19":2,"20":2,"21":3,"22":1},"f":{"0":14,"1":2,"2":2,"3":3},"b":{"0":[1,13],"1":[3,10],"2":[13,12,11],"3":[3,7],"4":[10,9,8],"5":[1,6],"6":[2,4]},"_coverageSchema":"1a1c01bbd47fc00a2c39e90264f33305004495a9","hash":"1db61adca9f012d77f76f5e1ef14abb847a8a600"}
,"D:\\intercom\\distance.js": {"path":"D:\\intercom\\distance.js","statementMap":{"0":{"start":{"line":3,"column":22},"end":{"line":3,"column":59}},"1":{"start":{"line":4,"column":23},"end":{"line":4,"column":31}},"2":{"start":{"line":6,"column":25},"end":{"line":7,"column":78}},"3":{"start":{"line":9,"column":4},"end":{"line":9,"column":37}},"4":{"start":{"line":13,"column":22},"end":{"line":13,"column":44}},"5":{"start":{"line":14,"column":4},"end":{"line":18,"column":6}},"6":{"start":{"line":15,"column":25},"end":{"line":15,"column":46}},"7":{"start":{"line":16,"column":25},"end":{"line":16,"column":58}},"8":{"start":{"line":17,"column":8},"end":{"line":17,"column":37}},"9":{"start":{"line":22,"column":23},"end":{"line":22,"column":36}},"10":{"start":{"line":23,"column":4},"end":{"line":26,"column":6}},"11":{"start":{"line":29,"column":0},"end":{"line":29,"column":65}}},"fnMap":{"0":{"name":"getArcLength","decl":{"start":{"line":1,"column":9},"end":{"line":1,"column":21}},"loc":{"start":{"line":1,"column":30},"end":{"line":10,"column":1}},"line":1},"1":{"name":"isPointNearFn","decl":{"start":{"line":12,"column":9},"end":{"line":12,"column":22}},"loc":{"start":{"line":12,"column":42},"end":{"line":19,"column":1}},"line":12},"2":{"name":"(anonymous_2)","decl":{"start":{"line":14,"column":11},"end":{"line":14,"column":12}},"loc":{"start":{"line":14,"column":22},"end":{"line":18,"column":5}},"line":14},"3":{"name":"degreeToRadian","decl":{"start":{"line":21,"column":9},"end":{"line":21,"column":23}},"loc":{"start":{"line":21,"column":31},"end":{"line":27,"column":1}},"line":21}},"branchMap":{},"s":{"0":4,"1":4,"2":4,"3":4,"4":2,"5":2,"6":2,"7":2,"8":2,"9":7,"10":7,"11":1},"f":{"0":4,"1":2,"2":2,"3":7},"b":{},"_coverageSchema":"1a1c01bbd47fc00a2c39e90264f33305004495a9","hash":"5c45ea45d99db56e13d7b74b0ace365d487b4b53"}
,"D:\\intercom\\file.js": {"path":"D:\\intercom\\file.js","statementMap":{"0":{"start":{"line":1,"column":11},"end":{"line":1,"column":24}},"1":{"start":{"line":4,"column":4},"end":{"line":13,"column":5}},"2":{"start":{"line":5,"column":24},"end":{"line":5,"column":71}},"3":{"start":{"line":6,"column":22},"end":{"line":6,"column":41}},"4":{"start":{"line":7,"column":24},"end":{"line":7,"column":66}},"5":{"start":{"line":7,"column":64},"end":{"line":7,"column":65}},"6":{"start":{"line":8,"column":8},"end":{"line":8,"column":23}},"7":{"start":{"line":11,"column":8},"end":{"line":11,"column":91}},"8":{"start":{"line":12,"column":8},"end":{"line":12,"column":18}},"9":{"start":{"line":17,"column":4},"end":{"line":24,"column":5}},"10":{"start":{"line":18,"column":23},"end":{"line":18,"column":39}},"11":{"start":{"line":19,"column":8},"end":{"line":19,"column":22}},"12":{"start":{"line":22,"column":8},"end":{"line":22,"column":87}},"13":{"start":{"line":23,"column":8},"end":{"line":23,"column":20}},"14":{"start":{"line":27,"column":0},"end":{"line":27,"column":54}}},"fnMap":{"0":{"name":"getFileRecords","decl":{"start":{"line":3,"column":9},"end":{"line":3,"column":23}},"loc":{"start":{"line":3,"column":34},"end":{"line":14,"column":1}},"line":3},"1":{"name":"(anonymous_1)","decl":{"start":{"line":7,"column":59},"end":{"line":7,"column":60}},"loc":{"start":{"line":7,"column":64},"end":{"line":7,"column":65}},"line":7},"2":{"name":"fromJsonToRecord","decl":{"start":{"line":16,"column":9},"end":{"line":16,"column":25}},"loc":{"start":{"line":16,"column":39},"end":{"line":25,"column":1}},"line":16}},"branchMap":{},"s":{"0":1,"1":3,"2":3,"3":2,"4":2,"5":64,"6":2,"7":1,"8":1,"9":66,"10":66,"11":63,"12":3,"13":3,"14":1},"f":{"0":3,"1":64,"2":66},"b":{},"_coverageSchema":"1a1c01bbd47fc00a2c39e90264f33305004495a9","hash":"df10b8ea97ffa86fa03f436fb981394c3c38c294"}
}
