TN:
SF:customer.js
FN:3,parse
FN:34,format
FN:35,(anonymous_2)
FN:39,sortByUserId
FNF:4
FNH:4
FNDA:14,parse
FNDA:2,format
FNDA:2,(anonymous_2)
FNDA:3,sortByUserId
DA:1,1
DA:5,14
DA:6,1
DA:9,13
DA:10,13
DA:11,3
DA:12,3
DA:15,10
DA:16,10
DA:17,3
DA:18,3
DA:21,7
DA:22,1
DA:23,1
DA:26,6
DA:27,2
DA:28,2
DA:31,4
DA:35,2
DA:36,2
DA:40,3
DA:43,1
LF:22
LH:22
BRDA:5,0,0,1
BRDA:5,0,1,13
BRDA:10,1,0,3
BRDA:10,1,1,10
BRDA:10,2,0,13
BRDA:10,2,1,12
BRDA:10,2,2,11
BRDA:16,3,0,3
BRDA:16,3,1,7
BRDA:16,4,0,10
BRDA:16,4,1,9
BRDA:16,4,2,8
BRDA:21,5,0,1
BRDA:21,5,1,6
BRDA:26,6,0,2
BRDA:26,6,1,4
BRF:16
BRH:16
end_of_record
TN:
SF:distance.js
FN:1,getArcLength
FN:12,isPointNearFn
FN:14,(anonymous_2)
FN:21,degreeToRadian
FNF:4
FNH:4
FNDA:4,getArcLength
FNDA:2,isPointNearFn
FNDA:2,(anonymous_2)
FNDA:7,degreeToRadian
DA:3,4
DA:4,4
DA:6,4
DA:9,4
DA:13,2
DA:14,2
DA:15,2
DA:16,2
DA:17,2
DA:22,7
DA:23,7
DA:29,1
LF:12
LH:12
BRF:0
BRH:0
end_of_record
TN:
SF:file.js
FN:3,getFileRecords
FN:7,(anonymous_1)
FN:16,fromJsonToRecord
FNF:3
FNH:3
FNDA:3,getFileRecords
FNDA:64,(anonymous_1)
FNDA:66,fromJsonToRecord
DA:1,1
DA:4,3
DA:5,3
DA:6,2
DA:7,64
DA:8,2
DA:11,1
DA:12,1
DA:17,66
DA:18,66
DA:19,63
DA:22,3
DA:23,3
DA:27,1
LF:14
LH:14
BRF:0
BRH:0
end_of_record
